Using pre-set license
Built from '2023.1/staging' branch; Version is '2023.1.10f1 (661833f8c66c) revision 6690867'; Using compiler version '192829333'; Build Type 'Release'
OS: 'Windows 10  (10.0.19045) 64bit Education' Language: 'en' Physical Memory: 130864 MB
BatchMode: 1, IsHumanControllingUs: 0, StartBugReporterOnCrash: 0, Is64bit: 1, IsPro: 1

COMMAND LINE ARGUMENTS:
C:\Program Files\Unity\Hub\Editor\2023.1.10f1\Editor\Unity.exe
-adb2
-batchMode
-noUpm
-name
AssetImportWorker1
-projectPath
C:/Users/kdhuper/Documents/Unity/Lab1
-logFile
Logs/AssetImportWorker1.log
-srvPort
56088
Successfully changed project path to: C:/Users/kdhuper/Documents/Unity/Lab1
C:/Users/kdhuper/Documents/Unity/Lab1
[UnityMemory] Configuration Parameters - Can be set up in boot.config
    "memorysetup-bucket-allocator-granularity=16"
    "memorysetup-bucket-allocator-bucket-count=8"
    "memorysetup-bucket-allocator-block-size=33554432"
    "memorysetup-bucket-allocator-block-count=8"
    "memorysetup-main-allocator-block-size=16777216"
    "memorysetup-thread-allocator-block-size=16777216"
    "memorysetup-gfx-main-allocator-block-size=16777216"
    "memorysetup-gfx-thread-allocator-block-size=16777216"
    "memorysetup-cache-allocator-block-size=4194304"
    "memorysetup-typetree-allocator-block-size=2097152"
    "memorysetup-profiler-bucket-allocator-granularity=16"
    "memorysetup-profiler-bucket-allocator-bucket-count=8"
    "memorysetup-profiler-bucket-allocator-block-size=33554432"
    "memorysetup-profiler-bucket-allocator-block-count=8"
    "memorysetup-profiler-allocator-block-size=16777216"
    "memorysetup-profiler-editor-allocator-block-size=1048576"
    "memorysetup-temp-allocator-size-main=16777216"
    "memorysetup-job-temp-allocator-block-size=2097152"
    "memorysetup-job-temp-allocator-block-size-background=1048576"
    "memorysetup-job-temp-allocator-reduction-small-platforms=262144"
    "memorysetup-allocator-temp-initial-block-size-main=262144"
    "memorysetup-allocator-temp-initial-block-size-worker=262144"
    "memorysetup-temp-allocator-size-background-worker=32768"
    "memorysetup-temp-allocator-size-job-worker=262144"
    "memorysetup-temp-allocator-size-preload-manager=33554432"
    "memorysetup-temp-allocator-size-nav-mesh-worker=65536"
    "memorysetup-temp-allocator-size-audio-worker=65536"
    "memorysetup-temp-allocator-size-cloud-worker=32768"
    "memorysetup-temp-allocator-size-gi-baking-worker=262144"
    "memorysetup-temp-allocator-size-gfx=262144"
Player connection [12464] Host "[IP] 10.165.91.64 [Port] 0 [Flags] 2 [Guid] 267947485 [EditorId] 267947485 [Version] 1048832 [Id] WindowsEditor(7,X-DUDL1383PC04) [Debug] 1 [PackageName] WindowsEditor [ProjectName] Editor" joined multi-casting on [225.0.0.222:54997]...

Player connection [12464] Host "[IP] 10.165.91.64 [Port] 0 [Flags] 2 [Guid] 267947485 [EditorId] 267947485 [Version] 1048832 [Id] WindowsEditor(7,X-DUDL1383PC04) [Debug] 1 [PackageName] WindowsEditor [ProjectName] Editor" joined alternative multi-casting on [225.0.0.222:34997]...

[Physics::Module] Initialized MultithreadedJobDispatcher with 23 workers.
Library Redirect Path: Library/Refreshing native plugins compatible for Editor in 6.76 ms, found 3 plugins.
Preloading 0 native plugins for Editor in 0.00 ms.
Initialize engine version: 2023.1.10f1 (661833f8c66c)
[Subsystems] Discovering subsystems at path C:/Program Files/Unity/Hub/Editor/2023.1.10f1/Editor/Data/Resources/UnitySubsystems
[Subsystems] Discovering subsystems at path C:/Users/kdhuper/Documents/Unity/Lab1/Assets
GfxDevice: creating device client; threaded=0; jobified=0
Direct3D:
    Version:  Direct3D 11.0 [level 11.1]
    Renderer: NVIDIA GeForce RTX 3090 (ID=0x2204)
    Vendor:   NVIDIA
    VRAM:     24340 MB
    Driver:   31.0.15.3667
Initialize mono
Mono path[0] = 'C:/Program Files/Unity/Hub/Editor/2023.1.10f1/Editor/Data/Managed'
Mono path[1] = 'C:/Program Files/Unity/Hub/Editor/2023.1.10f1/Editor/Data/MonoBleedingEdge/lib/mono/unityjit-win32'
Mono config path = 'C:/Program Files/Unity/Hub/Editor/2023.1.10f1/Editor/Data/MonoBleedingEdge/etc'
Using monoOptions --debugger-agent=transport=dt_socket,embedding=1,server=y,suspend=n,address=127.0.0.1:56804
Begin MonoManager ReloadAssembly
C:\build\output\Unity-Technologies\mono\mono\metadata\icall.c:1842:
C:\build\output\Unity-Technologies\mono\mono\metadata\icall.c:1842:
C:\build\output\Unity-Technologies\mono\mono\metadata\icall.c:1842:
C:\build\output\Unity-Technologies\mono\mono\metadata\icall.c:1842:
C:\build\output\Unity-Technologies\mono\mono\metadata\icall.c:1842:
C:\build\output\Unity-Technologies\mono\mono\metadata\icall.c:1842:
C:\build\output\Unity-Technologies\mono\mono\metadata\icall.c:1842:
C:\build\output\Unity-Technologies\mono\mono\metadata\icall.c:1842:
C:\build\output\Unity-Technologies\mono\mono\metadata\icall.c:1842:
C:\build\output\Unity-Technologies\mono\mono\metadata\icall.c:1842:
Registering precompiled unity dll's ...
Register platform support module: C:/Program Files/Unity/Hub/Editor/2023.1.10f1/Editor/Data/PlaybackEngines/WindowsStandaloneSupport/UnityEditor.WindowsStandalone.Extensions.dll
Registered in 0.003234 seconds.
- Loaded All Assemblies, in  0.372 seconds
Native extension for WindowsStandalone target not found
Mono: successfully reloaded assembly
C:\build\output\Unity-Technologies\mono\mono\metadata\icall.c:1842:
C:\build\output\Unity-Technologies\mono\mono\metadata\icall.c:1842:
- Finished resetting the current domain, in  0.276 seconds
Domain Reload Profiling: 647ms
	BeginReloadAssembly (121ms)
		ExecutionOrderSort (0ms)
		DisableScriptedObjects (0ms)
		BackupInstance (0ms)
		ReleaseScriptingObjects (0ms)
		CreateAndSetChildDomain (1ms)
	RebuildCommonClasses (34ms)
	RebuildNativeTypeToScriptingClass (12ms)
	initialDomainReloadingComplete (51ms)
	LoadAllAssembliesAndSetupDomain (152ms)
		LoadAssemblies (119ms)
		RebuildTransferFunctionScriptingTraits (0ms)
		AnalyzeDomain (147ms)
			TypeCache.Refresh (146ms)
				TypeCache.ScanAssembly (135ms)
			ScanForSourceGeneratedMonoScriptInfo (0ms)
			ResolveRequiredComponents (0ms)
	FinalizeReload (277ms)
		ReleaseScriptCaches (0ms)
		RebuildScriptCaches (0ms)
		SetupLoadedEditorAssemblies (230ms)
			LogAssemblyErrors (0ms)
			InitializePlatformSupportModulesInManaged (9ms)
			SetLoadedEditorAssemblies (5ms)
			BeforeProcessingInitializeOnLoad (7ms)
			ProcessInitializeOnLoadAttributes (158ms)
			ProcessInitializeOnLoadMethodAttributes (50ms)
			AfterProcessingInitializeOnLoad (0ms)
			EditorAssembliesLoaded (0ms)
		ExecutionOrderSort2 (0ms)
		AwakeInstancesAfterBackupRestoration (0ms)
========================================================================
Worker process is ready to serve import requests
Import Worker Mode flag is 0x00
Begin MonoManager ReloadAssembly
C:\build\output\Unity-Technologies\mono\mono\metadata\icall.c:1842:
C:\build\output\Unity-Technologies\mono\mono\metadata\icall.c:1842:
C:\build\output\Unity-Technologies\mono\mono\metadata\icall.c:1842:
C:\build\output\Unity-Technologies\mono\mono\metadata\icall.c:1842:
C:\build\output\Unity-Technologies\mono\mono\metadata\icall.c:1842:
C:\build\output\Unity-Technologies\mono\mono\metadata\icall.c:1842:
C:\build\output\Unity-Technologies\mono\mono\metadata\icall.c:1842:
C:\build\output\Unity-Technologies\mono\mono\metadata\icall.c:1842:
C:\build\output\Unity-Technologies\mono\mono\metadata\icall.c:1842:
C:\build\output\Unity-Technologies\mono\mono\metadata\icall.c:1842:
C:\build\output\Unity-Technologies\mono\mono\metadata\icall.c:1842:
C:\build\output\Unity-Technologies\mono\mono\metadata\icall.c:1842:
Symbol file LoadedFromMemory doesn't match image C:\Users\kdhuper\Documents\Unity\Lab1\Library\PackageCache\com.unity.visualscripting@1.8.0\Editor\VisualScripting.Core\Dependencies\YamlDotNet\Unity.VisualScripting.YamlDotNet.dll
Symbol file LoadedFromMemory doesn't match image C:\Users\kdhuper\Documents\Unity\Lab1\Library\PackageCache\com.unity.visualscripting@1.8.0\Editor\VisualScripting.Core\Dependencies\DotNetZip\Unity.VisualScripting.IonicZip.dll
- Loaded All Assemblies, in  0.875 seconds
Refreshing native plugins compatible for Editor in 2.35 ms, found 3 plugins.
Native extension for WindowsStandalone target not found
Mono: successfully reloaded assembly
- Finished resetting the current domain, in  0.568 seconds
Domain Reload Profiling: 1440ms
	BeginReloadAssembly (287ms)
		ExecutionOrderSort (0ms)
		DisableScriptedObjects (6ms)
		BackupInstance (0ms)
		ReleaseScriptingObjects (0ms)
		CreateAndSetChildDomain (25ms)
	RebuildCommonClasses (40ms)
	RebuildNativeTypeToScriptingClass (12ms)
	initialDomainReloadingComplete (39ms)
	LoadAllAssembliesAndSetupDomain (494ms)
		LoadAssemblies (284ms)
		RebuildTransferFunctionScriptingTraits (0ms)
		AnalyzeDomain (301ms)
			TypeCache.Refresh (283ms)
				TypeCache.ScanAssembly (272ms)
			ScanForSourceGeneratedMonoScriptInfo (13ms)
			ResolveRequiredComponents (4ms)
	FinalizeReload (568ms)
		ReleaseScriptCaches (0ms)
		RebuildScriptCaches (0ms)
		SetupLoadedEditorAssemblies (372ms)
			LogAssemblyErrors (0ms)
			InitializePlatformSupportModulesInManaged (6ms)
			SetLoadedEditorAssemblies (4ms)
			BeforeProcessingInitializeOnLoad (62ms)
			ProcessInitializeOnLoadAttributes (275ms)
			ProcessInitializeOnLoadMethodAttributes (22ms)
			AfterProcessingInitializeOnLoad (4ms)
			EditorAssembliesLoaded (0ms)
		ExecutionOrderSort2 (0ms)
		AwakeInstancesAfterBackupRestoration (8ms)
Launched and connected shader compiler UnityShaderCompiler.exe after 0.01 seconds
Refreshing native plugins compatible for Editor in 1.02 ms, found 3 plugins.
Preloading 0 native plugins for Editor in 0.00 ms.
Unloading 3206 Unused Serialized files (Serialized files now loaded: 0)
Unloading 35 unused Assets / (286.4 KB). Loaded Objects now: 3760.
Memory consumption went from 215.3 MB to 215.0 MB.
Total: 2.975800 ms (FindLiveObjects: 0.302200 ms CreateObjectMapping: 0.103800 ms MarkObjects: 2.473600 ms  DeleteObjects: 0.095600 ms)

AssetImportParameters requested are different than current active one (requested -> active):
  custom:video-decoder-webm-vp8: 9c59270c3fd7afecdb556c50c9e8de78 -> 
  custom:SearchIndexIgnoredProperties: e643bd26f0fe6173181afceb89e7c659 -> 
  custom:audio-encoder-webm-vorbis: bf7c407c2cedff20999df2af8eb42d56 -> 
  custom:AudioImporter_EditorPlatform: d09bf68614088b80899f8185d706f6e7 -> 
  custom:audio-decoder-ogg-vorbis: bf7c407c2cedff20999df2af8eb42d56 -> 
  custom:video-encoder-webm-vp8: eb34c28f22e8b96e1ab97ce403110664 -> 
  custom:container-demuxer-ogg: 62fdf1f143b41e24485cea50d1cbac27 -> 
  custom:framework-win-MediaFoundation: 216162199b28c13a410421893ffa2e32 -> 
  custom:video-decoder-ogg-theora: a1e56fd34408186e4bbccfd4996cb3dc -> 
  custom:container-muxer-webm: aa71ff27fc2769a1b78a27578f13a17b -> 
  custom:CustomObjectIndexerAttribute: 756ad292c208cfabdd7b50bc23989ffe -> 
  custom:container-demuxer-webm: 4f35f7cbe854078d1ac9338744f61a02 -> 
========================================================================
Received Import Request.
  Time since last request: 414474.909998 seconds.
  path: Assets/DreamForestTree/PostProcessing Profile/CamPost 1.asset
  artifactKey: Guid(0072cf6ba832aae41bcf1407dc550cd1) Importer(815301076,1909f56bfc062723c751e8b465ee728b)
Start importing Assets/DreamForestTree/PostProcessing Profile/CamPost 1.asset using Guid(0072cf6ba832aae41bcf1407dc550cd1) Importer(815301076,1909f56bfc062723c751e8b465ee728b)  -> (artifact id: 'b9e735be40ee192e2bb7204b1b04ee1e') in 0.022838 seconds
Number of updated asset objects reloaded before import = 0
Number of asset objects unloaded after import = 2
========================================================================
Received Import Request.
  Time since last request: 17.757837 seconds.
  path: Assets/DreamForestTree/TreesModels/bush 2.prefab
  artifactKey: Guid(1237551950c246d43ab02b1d69e6f317) Importer(815301076,1909f56bfc062723c751e8b465ee728b)
Start importing Assets/DreamForestTree/TreesModels/bush 2.prefab using Guid(1237551950c246d43ab02b1d69e6f317) Importer(815301076,1909f56bfc062723c751e8b465ee728b)  -> (artifact id: '41420a7a4bf4cdedb54c2406ee5e36b4') in 0.385594 seconds
Number of updated asset objects reloaded before import = 0
Number of asset objects unloaded after import = 20
========================================================================
Received Import Request.
  Time since last request: 0.000015 seconds.
  path: Assets/DreamForestTree/TreesModels/RedWood 5.prefab
  artifactKey: Guid(a7984f59c227d0240b9771d2797a085c) Importer(815301076,1909f56bfc062723c751e8b465ee728b)
Start importing Assets/DreamForestTree/TreesModels/RedWood 5.prefab using Guid(a7984f59c227d0240b9771d2797a085c) Importer(815301076,1909f56bfc062723c751e8b465ee728b)  -> (artifact id: '4cf8aad05ad1a940fa26c0ca9828d49b') in 0.041854 seconds
Number of updated asset objects reloaded before import = 0
Number of asset objects unloaded after import = 23
========================================================================
Received Prepare
Begin MonoManager ReloadAssembly
C:\build\output\Unity-Technologies\mono\mono\metadata\icall.c:1842:
C:\build\output\Unity-Technologies\mono\mono\metadata\icall.c:1842:
C:\build\output\Unity-Technologies\mono\mono\metadata\icall.c:1842:
C:\build\output\Unity-Technologies\mono\mono\metadata\icall.c:1842:
C:\build\output\Unity-Technologies\mono\mono\metadata\icall.c:1842:
C:\build\output\Unity-Technologies\mono\mono\metadata\icall.c:1842:
C:\build\output\Unity-Technologies\mono\mono\metadata\icall.c:1842:
C:\build\output\Unity-Technologies\mono\mono\metadata\icall.c:1842:
C:\build\output\Unity-Technologies\mono\mono\metadata\icall.c:1842:
C:\build\output\Unity-Technologies\mono\mono\metadata\icall.c:1842:
C:\build\output\Unity-Technologies\mono\mono\metadata\icall.c:1842:
C:\build\output\Unity-Technologies\mono\mono\metadata\icall.c:1842:
Symbol file LoadedFromMemory doesn't match image C:\Users\kdhuper\Documents\Unity\Lab1\Library\PackageCache\com.unity.visualscripting@1.8.0\Editor\VisualScripting.Core\Dependencies\YamlDotNet\Unity.VisualScripting.YamlDotNet.dll
Symbol file LoadedFromMemory doesn't match image C:\Users\kdhuper\Documents\Unity\Lab1\Library\PackageCache\com.unity.visualscripting@1.8.0\Editor\VisualScripting.Core\Dependencies\DotNetZip\Unity.VisualScripting.IonicZip.dll
- Loaded All Assemblies, in  0.765 seconds
Refreshing native plugins compatible for Editor in 3.71 ms, found 3 plugins.
Native extension for WindowsStandalone target not found
Mono: successfully reloaded assembly
- Finished resetting the current domain, in  0.951 seconds
Domain Reload Profiling: 1713ms
	BeginReloadAssembly (177ms)
		ExecutionOrderSort (0ms)
		DisableScriptedObjects (4ms)
		BackupInstance (0ms)
		ReleaseScriptingObjects (0ms)
		CreateAndSetChildDomain (38ms)
	RebuildCommonClasses (34ms)
	RebuildNativeTypeToScriptingClass (13ms)
	initialDomainReloadingComplete (24ms)
	LoadAllAssembliesAndSetupDomain (513ms)
		LoadAssemblies (292ms)
		RebuildTransferFunctionScriptingTraits (0ms)
		AnalyzeDomain (314ms)
			TypeCache.Refresh (308ms)
				TypeCache.ScanAssembly (297ms)
			ScanForSourceGeneratedMonoScriptInfo (0ms)
			ResolveRequiredComponents (5ms)
	FinalizeReload (952ms)
		ReleaseScriptCaches (0ms)
		RebuildScriptCaches (0ms)
		SetupLoadedEditorAssemblies (431ms)
			LogAssemblyErrors (0ms)
			InitializePlatformSupportModulesInManaged (7ms)
			SetLoadedEditorAssemblies (3ms)
			BeforeProcessingInitializeOnLoad (81ms)
			ProcessInitializeOnLoadAttributes (309ms)
			ProcessInitializeOnLoadMethodAttributes (24ms)
			AfterProcessingInitializeOnLoad (6ms)
			EditorAssembliesLoaded (0ms)
		ExecutionOrderSort2 (0ms)
		AwakeInstancesAfterBackupRestoration (9ms)
Refreshing native plugins compatible for Editor in 2.82 ms, found 3 plugins.
Preloading 0 native plugins for Editor in 0.00 ms.
Unloading 3176 Unused Serialized files (Serialized files now loaded: 0)
Unloading 25 unused Assets / (261.5 KB). Loaded Objects now: 3810.
Memory consumption went from 209.9 MB to 209.6 MB.
Total: 3.645800 ms (FindLiveObjects: 0.297700 ms CreateObjectMapping: 0.088700 ms MarkObjects: 3.175700 ms  DeleteObjects: 0.082900 ms)

Prepare: number of updated asset objects reloaded= 0
AssetImportParameters requested are different than current active one (requested -> active):
  custom:video-decoder-webm-vp8: 9c59270c3fd7afecdb556c50c9e8de78 -> 
  custom:SearchIndexIgnoredProperties: e643bd26f0fe6173181afceb89e7c659 -> 
  custom:audio-encoder-webm-vorbis: bf7c407c2cedff20999df2af8eb42d56 -> 
  custom:AudioImporter_EditorPlatform: d09bf68614088b80899f8185d706f6e7 -> 
  custom:audio-decoder-ogg-vorbis: bf7c407c2cedff20999df2af8eb42d56 -> 
  custom:video-encoder-webm-vp8: eb34c28f22e8b96e1ab97ce403110664 -> 
  custom:container-demuxer-ogg: 62fdf1f143b41e24485cea50d1cbac27 -> 
  custom:framework-win-MediaFoundation: 216162199b28c13a410421893ffa2e32 -> 
  custom:video-decoder-ogg-theora: a1e56fd34408186e4bbccfd4996cb3dc -> 
  custom:container-muxer-webm: aa71ff27fc2769a1b78a27578f13a17b -> 
  custom:CustomObjectIndexerAttribute: 756ad292c208cfabdd7b50bc23989ffe -> 
  custom:container-demuxer-webm: 4f35f7cbe854078d1ac9338744f61a02 -> 
========================================================================
Received Prepare
Begin MonoManager ReloadAssembly
C:\build\output\Unity-Technologies\mono\mono\metadata\icall.c:1842:
C:\build\output\Unity-Technologies\mono\mono\metadata\icall.c:1842:
C:\build\output\Unity-Technologies\mono\mono\metadata\icall.c:1842:
C:\build\output\Unity-Technologies\mono\mono\metadata\icall.c:1842:
C:\build\output\Unity-Technologies\mono\mono\metadata\icall.c:1842:
C:\build\output\Unity-Technologies\mono\mono\metadata\icall.c:1842:
C:\build\output\Unity-Technologies\mono\mono\metadata\icall.c:1842:
C:\build\output\Unity-Technologies\mono\mono\metadata\icall.c:1842:
C:\build\output\Unity-Technologies\mono\mono\metadata\icall.c:1842:
C:\build\output\Unity-Technologies\mono\mono\metadata\icall.c:1842:
C:\build\output\Unity-Technologies\mono\mono\metadata\icall.c:1842:
C:\build\output\Unity-Technologies\mono\mono\metadata\icall.c:1842:
Symbol file LoadedFromMemory doesn't match image C:\Users\kdhuper\Documents\Unity\Lab1\Library\PackageCache\com.unity.visualscripting@1.8.0\Editor\VisualScripting.Core\Dependencies\YamlDotNet\Unity.VisualScripting.YamlDotNet.dll
Symbol file LoadedFromMemory doesn't match image C:\Users\kdhuper\Documents\Unity\Lab1\Library\PackageCache\com.unity.visualscripting@1.8.0\Editor\VisualScripting.Core\Dependencies\DotNetZip\Unity.VisualScripting.IonicZip.dll
- Loaded All Assemblies, in  0.732 seconds
Refreshing native plugins compatible for Editor in 3.04 ms, found 3 plugins.
Native extension for WindowsStandalone target not found
Mono: successfully reloaded assembly
- Finished resetting the current domain, in  1.202 seconds
Domain Reload Profiling: 1932ms
	BeginReloadAssembly (169ms)
		ExecutionOrderSort (0ms)
		DisableScriptedObjects (6ms)
		BackupInstance (0ms)
		ReleaseScriptingObjects (0ms)
		CreateAndSetChildDomain (35ms)
	RebuildCommonClasses (32ms)
	RebuildNativeTypeToScriptingClass (13ms)
	initialDomainReloadingComplete (26ms)
	LoadAllAssembliesAndSetupDomain (489ms)
		LoadAssemblies (277ms)
		RebuildTransferFunctionScriptingTraits (0ms)
		AnalyzeDomain (301ms)
			TypeCache.Refresh (294ms)
				TypeCache.ScanAssembly (283ms)
			ScanForSourceGeneratedMonoScriptInfo (2ms)
			ResolveRequiredComponents (4ms)
	FinalizeReload (1203ms)
		ReleaseScriptCaches (0ms)
		RebuildScriptCaches (0ms)
		SetupLoadedEditorAssemblies (347ms)
			LogAssemblyErrors (0ms)
			InitializePlatformSupportModulesInManaged (6ms)
			SetLoadedEditorAssemblies (3ms)
			BeforeProcessingInitializeOnLoad (61ms)
			ProcessInitializeOnLoadAttributes (253ms)
			ProcessInitializeOnLoadMethodAttributes (20ms)
			AfterProcessingInitializeOnLoad (5ms)
			EditorAssembliesLoaded (0ms)
		ExecutionOrderSort2 (0ms)
		AwakeInstancesAfterBackupRestoration (8ms)
Refreshing native plugins compatible for Editor in 2.29 ms, found 3 plugins.
Preloading 0 native plugins for Editor in 0.00 ms.
Unloading 3093 Unused Serialized files (Serialized files now loaded: 0)
Unloading 67 unused Assets / (54.2 KB). Loaded Objects now: 3765.
Memory consumption went from 207.7 MB to 207.7 MB.
Total: 3.357100 ms (FindLiveObjects: 0.287900 ms CreateObjectMapping: 0.090700 ms MarkObjects: 2.897400 ms  DeleteObjects: 0.079200 ms)

Prepare: number of updated asset objects reloaded= 20
AssetImportParameters requested are different than current active one (requested -> active):
  custom:video-decoder-webm-vp8: 9c59270c3fd7afecdb556c50c9e8de78 -> 
  custom:SearchIndexIgnoredProperties: e643bd26f0fe6173181afceb89e7c659 -> 
  custom:audio-encoder-webm-vorbis: bf7c407c2cedff20999df2af8eb42d56 -> 
  custom:AudioImporter_EditorPlatform: d09bf68614088b80899f8185d706f6e7 -> 
  custom:audio-decoder-ogg-vorbis: bf7c407c2cedff20999df2af8eb42d56 -> 
  custom:video-encoder-webm-vp8: eb34c28f22e8b96e1ab97ce403110664 -> 
  custom:container-demuxer-ogg: 62fdf1f143b41e24485cea50d1cbac27 -> 
  custom:framework-win-MediaFoundation: 216162199b28c13a410421893ffa2e32 -> 
  custom:video-decoder-ogg-theora: a1e56fd34408186e4bbccfd4996cb3dc -> 
  custom:container-muxer-webm: aa71ff27fc2769a1b78a27578f13a17b -> 
  custom:CustomObjectIndexerAttribute: 756ad292c208cfabdd7b50bc23989ffe -> 
  custom:container-demuxer-webm: 4f35f7cbe854078d1ac9338744f61a02 -> 
========================================================================
Received Prepare
Begin MonoManager ReloadAssembly
C:\build\output\Unity-Technologies\mono\mono\metadata\icall.c:1842:
C:\build\output\Unity-Technologies\mono\mono\metadata\icall.c:1842:
C:\build\output\Unity-Technologies\mono\mono\metadata\icall.c:1842:
C:\build\output\Unity-Technologies\mono\mono\metadata\icall.c:1842:
C:\build\output\Unity-Technologies\mono\mono\metadata\icall.c:1842:
C:\build\output\Unity-Technologies\mono\mono\metadata\icall.c:1842:
C:\build\output\Unity-Technologies\mono\mono\metadata\icall.c:1842:
C:\build\output\Unity-Technologies\mono\mono\metadata\icall.c:1842:
C:\build\output\Unity-Technologies\mono\mono\metadata\icall.c:1842:
C:\build\output\Unity-Technologies\mono\mono\metadata\icall.c:1842:
C:\build\output\Unity-Technologies\mono\mono\metadata\icall.c:1842:
C:\build\output\Unity-Technologies\mono\mono\metadata\icall.c:1842:
Symbol file LoadedFromMemory doesn't match image C:\Users\kdhuper\Documents\Unity\Lab1\Library\PackageCache\com.unity.visualscripting@1.8.0\Editor\VisualScripting.Core\Dependencies\YamlDotNet\Unity.VisualScripting.YamlDotNet.dll
Symbol file LoadedFromMemory doesn't match image C:\Users\kdhuper\Documents\Unity\Lab1\Library\PackageCache\com.unity.visualscripting@1.8.0\Editor\VisualScripting.Core\Dependencies\DotNetZip\Unity.VisualScripting.IonicZip.dll
- Loaded All Assemblies, in  0.743 seconds
Refreshing native plugins compatible for Editor in 3.41 ms, found 3 plugins.
Native extension for WindowsStandalone target not found
Mono: successfully reloaded assembly
- Finished resetting the current domain, in  1.087 seconds
Domain Reload Profiling: 1827ms
	BeginReloadAssembly (170ms)
		ExecutionOrderSort (0ms)
		DisableScriptedObjects (6ms)
		BackupInstance (0ms)
		ReleaseScriptingObjects (0ms)
		CreateAndSetChildDomain (36ms)
	RebuildCommonClasses (31ms)
	RebuildNativeTypeToScriptingClass (12ms)
	initialDomainReloadingComplete (26ms)
	LoadAllAssembliesAndSetupDomain (500ms)
		LoadAssemblies (278ms)
		RebuildTransferFunctionScriptingTraits (0ms)
		AnalyzeDomain (314ms)
			TypeCache.Refresh (308ms)
				TypeCache.ScanAssembly (297ms)
			ScanForSourceGeneratedMonoScriptInfo (0ms)
			ResolveRequiredComponents (5ms)
	FinalizeReload (1088ms)
		ReleaseScriptCaches (0ms)
		RebuildScriptCaches (0ms)
		SetupLoadedEditorAssemblies (434ms)
			LogAssemblyErrors (0ms)
			InitializePlatformSupportModulesInManaged (7ms)
			SetLoadedEditorAssemblies (4ms)
			BeforeProcessingInitializeOnLoad (78ms)
			ProcessInitializeOnLoadAttributes (314ms)
			ProcessInitializeOnLoadMethodAttributes (25ms)
			AfterProcessingInitializeOnLoad (6ms)
			EditorAssembliesLoaded (0ms)
		ExecutionOrderSort2 (0ms)
		AwakeInstancesAfterBackupRestoration (10ms)
Refreshing native plugins compatible for Editor in 3.06 ms, found 3 plugins.
Preloading 0 native plugins for Editor in 0.00 ms.
Unloading 3093 Unused Serialized files (Serialized files now loaded: 0)
Unloading 21 unused Assets / (30.7 KB). Loaded Objects now: 3746.
Memory consumption went from 205.8 MB to 205.8 MB.
Total: 3.857100 ms (FindLiveObjects: 0.319600 ms CreateObjectMapping: 0.087000 ms MarkObjects: 3.405000 ms  DeleteObjects: 0.043300 ms)

Prepare: number of updated asset objects reloaded= 0
AssetImportParameters requested are different than current active one (requested -> active):
  custom:video-decoder-webm-vp8: 9c59270c3fd7afecdb556c50c9e8de78 -> 
  custom:SearchIndexIgnoredProperties: e643bd26f0fe6173181afceb89e7c659 -> 
  custom:audio-encoder-webm-vorbis: bf7c407c2cedff20999df2af8eb42d56 -> 
  custom:AudioImporter_EditorPlatform: d09bf68614088b80899f8185d706f6e7 -> 
  custom:audio-decoder-ogg-vorbis: bf7c407c2cedff20999df2af8eb42d56 -> 
  custom:video-encoder-webm-vp8: eb34c28f22e8b96e1ab97ce403110664 -> 
  custom:container-demuxer-ogg: 62fdf1f143b41e24485cea50d1cbac27 -> 
  custom:framework-win-MediaFoundation: 216162199b28c13a410421893ffa2e32 -> 
  custom:video-decoder-ogg-theora: a1e56fd34408186e4bbccfd4996cb3dc -> 
  custom:container-muxer-webm: aa71ff27fc2769a1b78a27578f13a17b -> 
  custom:CustomObjectIndexerAttribute: 756ad292c208cfabdd7b50bc23989ffe -> 
  custom:container-demuxer-webm: 4f35f7cbe854078d1ac9338744f61a02 -> 
========================================================================
Received Import Request.
  Time since last request: 848.572690 seconds.
  path: Assets/SimpleLowPolyNature/Lowpoly Demo Post-processing Profile.asset
  artifactKey: Guid(8474767a16347414bbd97f6670a97ea8) Importer(2089858483,0ecaa5967403d082aa24f35e1b516d23)
Start importing Assets/SimpleLowPolyNature/Lowpoly Demo Post-processing Profile.asset using Guid(8474767a16347414bbd97f6670a97ea8) Importer(2089858483,0ecaa5967403d082aa24f35e1b516d23) Generated GUIDs only implemented for interfaces!
 -> (artifact id: 'd082ed373c6629554c7c2ab5975781db') in 0.088330 seconds
Number of updated asset objects reloaded before import = 0
Number of asset objects unloaded after import = 1
========================================================================
Received Import Request.
  Time since last request: 0.000020 seconds.
  path: Assets/SimpleLowPolyNature/Prefabs/Ivy1.prefab
  artifactKey: Guid(b3cfafb3174116447b21e588ab379d0b) Importer(2089858483,0ecaa5967403d082aa24f35e1b516d23)
Start importing Assets/SimpleLowPolyNature/Prefabs/Ivy1.prefab using Guid(b3cfafb3174116447b21e588ab379d0b) Importer(2089858483,0ecaa5967403d082aa24f35e1b516d23) Generated GUIDs only implemented for interfaces!
 -> (artifact id: '40ffa64078153168c4262bea00f22038') in 0.042998 seconds
Number of updated asset objects reloaded before import = 0
Number of asset objects unloaded after import = 7
========================================================================
Received Import Request.
  Time since last request: 0.000028 seconds.
  path: Assets/SimpleLowPolyNature/Prefabs/Ivy2.prefab
  artifactKey: Guid(8c1162e29ab5baf45ad76ebc6e86889b) Importer(2089858483,0ecaa5967403d082aa24f35e1b516d23)
Start importing Assets/SimpleLowPolyNature/Prefabs/Ivy2.prefab using Guid(8c1162e29ab5baf45ad76ebc6e86889b) Importer(2089858483,0ecaa5967403d082aa24f35e1b516d23) Generated GUIDs only implemented for interfaces!
 -> (artifact id: 'daf50efdb6d5611994cb8111b00cdeb8') in 0.011458 seconds
Number of updated asset objects reloaded before import = 0
Number of asset objects unloaded after import = 7
========================================================================
Received Import Request.
  Time since last request: 0.000016 seconds.
  path: Assets/SimpleLowPolyNature/Materials/TreeOrangeMat.mat
  artifactKey: Guid(33535d2d31f89e846b6ec7c60219cb96) Importer(2089858483,0ecaa5967403d082aa24f35e1b516d23)
Start importing Assets/SimpleLowPolyNature/Materials/TreeOrangeMat.mat using Guid(33535d2d31f89e846b6ec7c60219cb96) Importer(2089858483,0ecaa5967403d082aa24f35e1b516d23) Generated GUIDs only implemented for interfaces!
 -> (artifact id: '9027bcb189e768a7eeea75566e00d3f4') in 0.026510 seconds
Number of updated asset objects reloaded before import = 0
Number of asset objects unloaded after import = 1
========================================================================
Received Import Request.
  Time since last request: 0.000101 seconds.
  path: Assets/SimpleLowPolyNature/Materials/TreeRedMat.mat
  artifactKey: Guid(f154dff7fb489d2499686dc9f08c626a) Importer(2089858483,0ecaa5967403d082aa24f35e1b516d23)
Start importing Assets/SimpleLowPolyNature/Materials/TreeRedMat.mat using Guid(f154dff7fb489d2499686dc9f08c626a) Importer(2089858483,0ecaa5967403d082aa24f35e1b516d23) Generated GUIDs only implemented for interfaces!
 -> (artifact id: '362030c38b7b16924981659f7f70616d') in 0.009812 seconds
Number of updated asset objects reloaded before import = 0
Number of asset objects unloaded after import = 1
========================================================================
Received Import Request.
  Time since last request: 0.000017 seconds.
  path: Assets/SimpleLowPolyNature/Prefabs/Mushroom1.prefab
  artifactKey: Guid(1ac31fb474aead74ab0101d0d6546c52) Importer(2089858483,0ecaa5967403d082aa24f35e1b516d23)
Start importing Assets/SimpleLowPolyNature/Prefabs/Mushroom1.prefab using Guid(1ac31fb474aead74ab0101d0d6546c52) Importer(2089858483,0ecaa5967403d082aa24f35e1b516d23) Generated GUIDs only implemented for interfaces!
 -> (artifact id: 'f5c09a1a3d458283887007b3f0b296a4') in 0.010535 seconds
Number of updated asset objects reloaded before import = 0
Number of asset objects unloaded after import = 7
========================================================================
Received Import Request.
  Time since last request: 0.000019 seconds.
  path: Assets/SimpleLowPolyNature/Models/Mushroom1.fbx
  artifactKey: Guid(2c7af3c4dc7207a43b3b8baeed6d5ba5) Importer(2089858483,0ecaa5967403d082aa24f35e1b516d23)
Start importing Assets/SimpleLowPolyNature/Models/Mushroom1.fbx using Guid(2c7af3c4dc7207a43b3b8baeed6d5ba5) Importer(2089858483,0ecaa5967403d082aa24f35e1b516d23) Generated GUIDs only implemented for interfaces!
 -> (artifact id: 'd356919211fe77e00e833b6671fe7c86') in 0.033326 seconds
Number of updated asset objects reloaded before import = 0
Number of asset objects unloaded after import = 7
========================================================================
Received Import Request.
  Time since last request: 0.000017 seconds.
  path: Assets/SimpleLowPolyNature/Models/Rock1.fbx
  artifactKey: Guid(9b23133e3eda78249896e5786ae357a2) Importer(2089858483,0ecaa5967403d082aa24f35e1b516d23)
Start importing Assets/SimpleLowPolyNature/Models/Rock1.fbx using Guid(9b23133e3eda78249896e5786ae357a2) Importer(2089858483,0ecaa5967403d082aa24f35e1b516d23) Generated GUIDs only implemented for interfaces!
 -> (artifact id: '744908743e6b1550e17c09b9b5c435e3') in 0.016491 seconds
Number of updated asset objects reloaded before import = 0
Number of asset objects unloaded after import = 7
========================================================================
Received Import Request.
  Time since last request: 0.000013 seconds.
  path: Assets/SimpleLowPolyNature/Models/Grass4.fbx
  artifactKey: Guid(a2848514d81208b45acb2d6cb8e2953c) Importer(2089858483,0ecaa5967403d082aa24f35e1b516d23)
Start importing Assets/SimpleLowPolyNature/Models/Grass4.fbx using Guid(a2848514d81208b45acb2d6cb8e2953c) Importer(2089858483,0ecaa5967403d082aa24f35e1b516d23) Generated GUIDs only implemented for interfaces!
 -> (artifact id: '0115f6b4fde7483ac0074584c7960f17') in 0.016881 seconds
Number of updated asset objects reloaded before import = 0
Number of asset objects unloaded after import = 7
========================================================================
Received Import Request.
  Time since last request: 0.000016 seconds.
  path: Assets/SimpleLowPolyNature/Prefabs/Paddle.prefab
  artifactKey: Guid(6a50d63ff5ab71e4b973294a1776270a) Importer(2089858483,0ecaa5967403d082aa24f35e1b516d23)
Start importing Assets/SimpleLowPolyNature/Prefabs/Paddle.prefab using Guid(6a50d63ff5ab71e4b973294a1776270a) Importer(2089858483,0ecaa5967403d082aa24f35e1b516d23) Generated GUIDs only implemented for interfaces!
 -> (artifact id: '0cad81fa0d801202ee764573d02203fb') in 0.009876 seconds
Number of updated asset objects reloaded before import = 0
Number of asset objects unloaded after import = 7
========================================================================
Received Import Request.
  Time since last request: 0.000016 seconds.
  path: Assets/SimpleLowPolyNature/Prefabs/Grass4.prefab
  artifactKey: Guid(08bdb42a7413db34e867890b29e20ecd) Importer(2089858483,0ecaa5967403d082aa24f35e1b516d23)
Start importing Assets/SimpleLowPolyNature/Prefabs/Grass4.prefab using Guid(08bdb42a7413db34e867890b29e20ecd) Importer(2089858483,0ecaa5967403d082aa24f35e1b516d23) Generated GUIDs only implemented for interfaces!
 -> (artifact id: '77776a1ffb33d0ea685a1956a89bed97') in 0.010497 seconds
Number of updated asset objects reloaded before import = 0
Number of asset objects unloaded after import = 7
========================================================================
Received Import Request.
  Time since last request: 0.000016 seconds.
  path: Assets/SimpleLowPolyNature/Models/Rock5.fbx
  artifactKey: Guid(1c31f4821cebacb4caf43d3a6524741e) Importer(2089858483,0ecaa5967403d082aa24f35e1b516d23)
Start importing Assets/SimpleLowPolyNature/Models/Rock5.fbx using Guid(1c31f4821cebacb4caf43d3a6524741e) Importer(2089858483,0ecaa5967403d082aa24f35e1b516d23) Generated GUIDs only implemented for interfaces!
 -> (artifact id: 'b46d9b006eb700583a71ca19b0daf1f9') in 0.016888 seconds
Number of updated asset objects reloaded before import = 0
Number of asset objects unloaded after import = 7
========================================================================
Received Import Request.
  Time since last request: 0.000019 seconds.
  path: Assets/SimpleLowPolyNature/Models/Log.fbx
  artifactKey: Guid(d215d40c0f10c0e4d840d05f62427501) Importer(2089858483,0ecaa5967403d082aa24f35e1b516d23)
Start importing Assets/SimpleLowPolyNature/Models/Log.fbx using Guid(d215d40c0f10c0e4d840d05f62427501) Importer(2089858483,0ecaa5967403d082aa24f35e1b516d23) Generated GUIDs only implemented for interfaces!
 -> (artifact id: '743a56935c24883467ed3402d1c2c534') in 0.017742 seconds
Number of updated asset objects reloaded before import = 0
Number of asset objects unloaded after import = 7
========================================================================
Received Import Request.
  Time since last request: 0.000017 seconds.
  path: Assets/SimpleLowPolyNature/Models/MushroomLarge.fbx
  artifactKey: Guid(f5e25367993acbf438c5aeffe76fa5e2) Importer(2089858483,0ecaa5967403d082aa24f35e1b516d23)
Start importing Assets/SimpleLowPolyNature/Models/MushroomLarge.fbx using Guid(f5e25367993acbf438c5aeffe76fa5e2) Importer(2089858483,0ecaa5967403d082aa24f35e1b516d23) Generated GUIDs only implemented for interfaces!
 -> (artifact id: '38708273a9d41ecba692fe4767d8ef7f') in 0.018617 seconds
Number of updated asset objects reloaded before import = 0
Number of asset objects unloaded after import = 7
========================================================================
Received Import Request.
  Time since last request: 0.000022 seconds.
  path: Assets/SimpleLowPolyNature/Models/Grass1.fbx
  artifactKey: Guid(5954e88e9d890844e863ec1621dc70a4) Importer(2089858483,0ecaa5967403d082aa24f35e1b516d23)
Start importing Assets/SimpleLowPolyNature/Models/Grass1.fbx using Guid(5954e88e9d890844e863ec1621dc70a4) Importer(2089858483,0ecaa5967403d082aa24f35e1b516d23) Generated GUIDs only implemented for interfaces!
 -> (artifact id: '0c88722ba1129c75337f060ee09d1197') in 0.017137 seconds
Number of updated asset objects reloaded before import = 0
Number of asset objects unloaded after import = 7
========================================================================
Received Import Request.
  Time since last request: 0.000028 seconds.
  path: Assets/SimpleLowPolyNature/Models/Rock7.fbx
  artifactKey: Guid(2cc59136d903eed44a9abe0c3b52c3d5) Importer(2089858483,0ecaa5967403d082aa24f35e1b516d23)
Start importing Assets/SimpleLowPolyNature/Models/Rock7.fbx using Guid(2cc59136d903eed44a9abe0c3b52c3d5) Importer(2089858483,0ecaa5967403d082aa24f35e1b516d23) Generated GUIDs only implemented for interfaces!
 -> (artifact id: '6c07afa14d0cc1548b2e9f14e28d6af7') in 0.016367 seconds
Number of updated asset objects reloaded before import = 0
Number of asset objects unloaded after import = 7
========================================================================
Received Import Request.
  Time since last request: 0.000019 seconds.
  path: Assets/SimpleLowPolyNature/Materials/Mushroom2Mat.mat
  artifactKey: Guid(308680fc3656cdb49aa30c04aae1eb87) Importer(2089858483,0ecaa5967403d082aa24f35e1b516d23)
Start importing Assets/SimpleLowPolyNature/Materials/Mushroom2Mat.mat using Guid(308680fc3656cdb49aa30c04aae1eb87) Importer(2089858483,0ecaa5967403d082aa24f35e1b516d23) Generated GUIDs only implemented for interfaces!
 -> (artifact id: '984bbf5db5e545e9ce5d1eaaec5fb1ee') in 0.010885 seconds
Number of updated asset objects reloaded before import = 0
Number of asset objects unloaded after import = 1
========================================================================
Received Import Request.
  Time since last request: 0.000017 seconds.
  path: Assets/SimpleLowPolyNature/Models/Rock2.fbx
  artifactKey: Guid(ff14cd0f332a7e04baab73f8c39b3918) Importer(2089858483,0ecaa5967403d082aa24f35e1b516d23)
Start importing Assets/SimpleLowPolyNature/Models/Rock2.fbx using Guid(ff14cd0f332a7e04baab73f8c39b3918) Importer(2089858483,0ecaa5967403d082aa24f35e1b516d23) Generated GUIDs only implemented for interfaces!
 -> (artifact id: '533dd090ad9671e6318dfa20910f48e7') in 0.016841 seconds
Number of updated asset objects reloaded before import = 0
Number of asset objects unloaded after import = 7
========================================================================
Received Import Request.
  Time since last request: 0.000017 seconds.
  path: Assets/SimpleLowPolyNature/Prefabs/Cloud1.prefab
  artifactKey: Guid(6789997751c6130409b863c46ad59295) Importer(2089858483,0ecaa5967403d082aa24f35e1b516d23)
Start importing Assets/SimpleLowPolyNature/Prefabs/Cloud1.prefab using Guid(6789997751c6130409b863c46ad59295) Importer(2089858483,0ecaa5967403d082aa24f35e1b516d23) Generated GUIDs only implemented for interfaces!
 -> (artifact id: '66d82312d6d34415a048aa636357f6a3') in 0.010934 seconds
Number of updated asset objects reloaded before import = 0
Number of asset objects unloaded after import = 7
========================================================================
Received Import Request.
  Time since last request: 0.000019 seconds.
  path: Assets/SimpleLowPolyNature/Materials/TreeYellowMat.mat
  artifactKey: Guid(1b3799f72f9aa654d9f7a3787feef4ee) Importer(2089858483,0ecaa5967403d082aa24f35e1b516d23)
Start importing Assets/SimpleLowPolyNature/Materials/TreeYellowMat.mat using Guid(1b3799f72f9aa654d9f7a3787feef4ee) Importer(2089858483,0ecaa5967403d082aa24f35e1b516d23) Generated GUIDs only implemented for interfaces!
 -> (artifact id: 'c49ef6981740919b489917b22babac4f') in 0.009480 seconds
Number of updated asset objects reloaded before import = 0
Number of asset objects unloaded after import = 1
========================================================================
Received Import Request.
  Time since last request: 0.000019 seconds.
  path: Assets/SimpleLowPolyNature/Materials/EmissionYellowMat.mat
  artifactKey: Guid(a23517422c44285409996ebf0584f793) Importer(2089858483,0ecaa5967403d082aa24f35e1b516d23)
Start importing Assets/SimpleLowPolyNature/Materials/EmissionYellowMat.mat using Guid(a23517422c44285409996ebf0584f793) Importer(2089858483,0ecaa5967403d082aa24f35e1b516d23) Generated GUIDs only implemented for interfaces!
 -> (artifact id: 'd3375f8ce487ba0d8654f51c03f0760e') in 0.009892 seconds
Number of updated asset objects reloaded before import = 0
Number of asset objects unloaded after import = 1
========================================================================
Received Import Request.
  Time since last request: 0.000062 seconds.
  path: Assets/SimpleLowPolyNature/Prefabs/PlantEx1.prefab
  artifactKey: Guid(c0c49c89c2d72a14892c9d4ad23f6dc1) Importer(2089858483,0ecaa5967403d082aa24f35e1b516d23)
Start importing Assets/SimpleLowPolyNature/Prefabs/PlantEx1.prefab using Guid(c0c49c89c2d72a14892c9d4ad23f6dc1) Importer(2089858483,0ecaa5967403d082aa24f35e1b516d23) Generated GUIDs only implemented for interfaces!
 -> (artifact id: '6a89cab6f9136770eff1a957dd44d52f') in 0.011365 seconds
Number of updated asset objects reloaded before import = 0
Number of asset objects unloaded after import = 7
========================================================================
Received Import Request.
  Time since last request: 0.000016 seconds.
  path: Assets/SimpleLowPolyNature/Models/Cloud1.fbx
  artifactKey: Guid(ba90c7e89ce8fb847b770b7be3fc7975) Importer(2089858483,0ecaa5967403d082aa24f35e1b516d23)
Start importing Assets/SimpleLowPolyNature/Models/Cloud1.fbx using Guid(ba90c7e89ce8fb847b770b7be3fc7975) Importer(2089858483,0ecaa5967403d082aa24f35e1b516d23) Generated GUIDs only implemented for interfaces!
 -> (artifact id: 'c44e67191a83a1a979589bb44c5b40cc') in 0.017224 seconds
Number of updated asset objects reloaded before import = 0
Number of asset objects unloaded after import = 7
========================================================================
Received Import Request.
  Time since last request: 0.000020 seconds.
  path: Assets/SimpleLowPolyNature/Prefabs/Flower4.prefab
  artifactKey: Guid(96d41c598e0118d4e8684be3e2d7effb) Importer(2089858483,0ecaa5967403d082aa24f35e1b516d23)
Start importing Assets/SimpleLowPolyNature/Prefabs/Flower4.prefab using Guid(96d41c598e0118d4e8684be3e2d7effb) Importer(2089858483,0ecaa5967403d082aa24f35e1b516d23) Generated GUIDs only implemented for interfaces!
 -> (artifact id: '5cdcbc2eb5f21d78c6e7888c5ec61e16') in 0.011004 seconds
Number of updated asset objects reloaded before import = 0
Number of asset objects unloaded after import = 7
========================================================================
Received Import Request.
  Time since last request: 0.000017 seconds.
  path: Assets/SimpleLowPolyNature/Prefabs/Mushroom3.prefab
  artifactKey: Guid(b87c30b9056d0fb4dbb257b188a32501) Importer(2089858483,0ecaa5967403d082aa24f35e1b516d23)
Start importing Assets/SimpleLowPolyNature/Prefabs/Mushroom3.prefab using Guid(b87c30b9056d0fb4dbb257b188a32501) Importer(2089858483,0ecaa5967403d082aa24f35e1b516d23) Generated GUIDs only implemented for interfaces!
 -> (artifact id: 'dbeb3c652fb8daa8b47d693939363d7e') in 0.010570 seconds
Number of updated asset objects reloaded before import = 0
Number of asset objects unloaded after import = 7
========================================================================
Received Import Request.
  Time since last request: 0.000020 seconds.
  path: Assets/SimpleLowPolyNature/Models/Ivy1.fbx
  artifactKey: Guid(f5c94a9017473824b95fdbc555580349) Importer(2089858483,0ecaa5967403d082aa24f35e1b516d23)
Start importing Assets/SimpleLowPolyNature/Models/Ivy1.fbx using Guid(f5c94a9017473824b95fdbc555580349) Importer(2089858483,0ecaa5967403d082aa24f35e1b516d23) Generated GUIDs only implemented for interfaces!
 -> (artifact id: '9a09fa518561784e3ce340f5df1ee0cd') in 0.018006 seconds
Number of updated asset objects reloaded before import = 0
Number of asset objects unloaded after import = 7
========================================================================
Received Import Request.
  Time since last request: 0.000034 seconds.
  path: Assets/SimpleLowPolyNature/Materials/Mushroom1Mat.mat
  artifactKey: Guid(5835797300e10724eb31a26fa6baa1a6) Importer(2089858483,0ecaa5967403d082aa24f35e1b516d23)
Start importing Assets/SimpleLowPolyNature/Materials/Mushroom1Mat.mat using Guid(5835797300e10724eb31a26fa6baa1a6) Importer(2089858483,0ecaa5967403d082aa24f35e1b516d23) Generated GUIDs only implemented for interfaces!
 -> (artifact id: '77f5286a32ca3bc824892bfc11fa2802') in 0.011491 seconds
Number of updated asset objects reloaded before import = 0
Number of asset objects unloaded after import = 1
========================================================================
Received Import Request.
  Time since last request: 0.000018 seconds.
  path: Assets/SimpleLowPolyNature/Materials/Flower3Mat.mat
  artifactKey: Guid(ef2c3380ea506a54a96b15b9518d303e) Importer(2089858483,0ecaa5967403d082aa24f35e1b516d23)
Start importing Assets/SimpleLowPolyNature/Materials/Flower3Mat.mat using Guid(ef2c3380ea506a54a96b15b9518d303e) Importer(2089858483,0ecaa5967403d082aa24f35e1b516d23) Generated GUIDs only implemented for interfaces!
 -> (artifact id: '83d4c5dbf3bce6a526000da455b0e5da') in 0.009683 seconds
Number of updated asset objects reloaded before import = 0
Number of asset objects unloaded after import = 1
========================================================================
Received Import Request.
  Time since last request: 0.000020 seconds.
  path: Assets/SimpleLowPolyNature/Prefabs/Rock6.prefab
  artifactKey: Guid(3f999b6beafe9d249bf9c3a91ff26ff6) Importer(2089858483,0ecaa5967403d082aa24f35e1b516d23)
Start importing Assets/SimpleLowPolyNature/Prefabs/Rock6.prefab using Guid(3f999b6beafe9d249bf9c3a91ff26ff6) Importer(2089858483,0ecaa5967403d082aa24f35e1b516d23) Generated GUIDs only implemented for interfaces!
 -> (artifact id: '641387de2b9360723a9b5035efcd72b2') in 0.013232 seconds
Number of updated asset objects reloaded before import = 0
Number of asset objects unloaded after import = 8
========================================================================
Received Import Request.
  Time since last request: 0.000068 seconds.
  path: Assets/SimpleLowPolyNature/Scenes/DemoDay.unity
  artifactKey: Guid(304a5748b784bc241be3c08d67013b21) Importer(2089858483,0ecaa5967403d082aa24f35e1b516d23)
Start importing Assets/SimpleLowPolyNature/Scenes/DemoDay.unity using Guid(304a5748b784bc241be3c08d67013b21) Importer(2089858483,0ecaa5967403d082aa24f35e1b516d23) Generated GUIDs only implemented for interfaces!
 -> (artifact id: '0c218436cf6f953c791b680cadf5ef1d') in 0.007281 seconds
Number of updated asset objects reloaded before import = 0
Number of asset objects unloaded after import = 1
========================================================================
Received Import Request.
  Time since last request: 0.000047 seconds.
  path: Assets/SimpleLowPolyNature/Prefabs/Rock8.prefab
  artifactKey: Guid(2e56899687a42f54aa20a3b27f073806) Importer(2089858483,0ecaa5967403d082aa24f35e1b516d23)
Start importing Assets/SimpleLowPolyNature/Prefabs/Rock8.prefab using Guid(2e56899687a42f54aa20a3b27f073806) Importer(2089858483,0ecaa5967403d082aa24f35e1b516d23) Generated GUIDs only implemented for interfaces!
 -> (artifact id: '2777ba530f61ff3e2cd2f77d9171b44b') in 0.011601 seconds
Number of updated asset objects reloaded before import = 0
Number of asset objects unloaded after import = 8
========================================================================
Received Import Request.
  Time since last request: 0.000018 seconds.
  path: Assets/SimpleLowPolyNature/Prefabs/Rock7.prefab
  artifactKey: Guid(387f66ad181e92a48a858cf3a9e7df2f) Importer(2089858483,0ecaa5967403d082aa24f35e1b516d23)
Start importing Assets/SimpleLowPolyNature/Prefabs/Rock7.prefab using Guid(387f66ad181e92a48a858cf3a9e7df2f) Importer(2089858483,0ecaa5967403d082aa24f35e1b516d23) Generated GUIDs only implemented for interfaces!
 -> (artifact id: '59d29dbbe18af01a484ccbca798d8245') in 0.010734 seconds
Number of updated asset objects reloaded before import = 0
Number of asset objects unloaded after import = 8
========================================================================
Received Import Request.
  Time since last request: 0.000020 seconds.
  path: Assets/SimpleLowPolyNature/Prefabs/WoodBoat.prefab
  artifactKey: Guid(27e25e3bc7ba5f640aea250f9a3842bd) Importer(2089858483,0ecaa5967403d082aa24f35e1b516d23)
Start importing Assets/SimpleLowPolyNature/Prefabs/WoodBoat.prefab using Guid(27e25e3bc7ba5f640aea250f9a3842bd) Importer(2089858483,0ecaa5967403d082aa24f35e1b516d23) Generated GUIDs only implemented for interfaces!
 -> (artifact id: '20fda12c1e599fde91683c5a6d10e0c8') in 0.010541 seconds
Number of updated asset objects reloaded before import = 0
Number of asset objects unloaded after import = 7
========================================================================
Received Import Request.
  Time since last request: 0.000026 seconds.
  path: Assets/SimpleLowPolyNature/Prefabs/Tent.prefab
  artifactKey: Guid(8ac33b2347e9f3c44b5343e4d23173f9) Importer(2089858483,0ecaa5967403d082aa24f35e1b516d23)
Start importing Assets/SimpleLowPolyNature/Prefabs/Tent.prefab using Guid(8ac33b2347e9f3c44b5343e4d23173f9) Importer(2089858483,0ecaa5967403d082aa24f35e1b516d23) Generated GUIDs only implemented for interfaces!
 -> (artifact id: '0f6baa4d87788904f1949413d5056718') in 0.011183 seconds
Number of updated asset objects reloaded before import = 0
Number of asset objects unloaded after import = 7
========================================================================
Received Import Request.
  Time since last request: 0.000017 seconds.
  path: Assets/SimpleLowPolyNature/Prefabs/PlantEx2.prefab
  artifactKey: Guid(6ab95afc5b621784ca0606b0b15afde3) Importer(2089858483,0ecaa5967403d082aa24f35e1b516d23)
Start importing Assets/SimpleLowPolyNature/Prefabs/PlantEx2.prefab using Guid(6ab95afc5b621784ca0606b0b15afde3) Importer(2089858483,0ecaa5967403d082aa24f35e1b516d23) Generated GUIDs only implemented for interfaces!
 -> (artifact id: '03322c0aaaba36ad072489cd07f66564') in 0.010028 seconds
Number of updated asset objects reloaded before import = 0
Number of asset objects unloaded after import = 7
========================================================================
Received Import Request.
  Time since last request: 0.000018 seconds.
  path: Assets/SimpleLowPolyNature/Prefabs/PlantEx3.prefab
  artifactKey: Guid(87b04a6b131597e4db952f9810390439) Importer(2089858483,0ecaa5967403d082aa24f35e1b516d23)
Start importing Assets/SimpleLowPolyNature/Prefabs/PlantEx3.prefab using Guid(87b04a6b131597e4db952f9810390439) Importer(2089858483,0ecaa5967403d082aa24f35e1b516d23) Generated GUIDs only implemented for interfaces!
 -> (artifact id: 'aa9c769614ca534551f500f5c4a97d25') in 0.011519 seconds
Number of updated asset objects reloaded before import = 0
Number of asset objects unloaded after import = 7
========================================================================
Received Import Request.
  Time since last request: 0.000017 seconds.
  path: Assets/SimpleLowPolyNature/Prefabs/Rock10.prefab
  artifactKey: Guid(dc53baa962b6d244cb9e81ec33c0865a) Importer(2089858483,0ecaa5967403d082aa24f35e1b516d23)
Start importing Assets/SimpleLowPolyNature/Prefabs/Rock10.prefab using Guid(dc53baa962b6d244cb9e81ec33c0865a) Importer(2089858483,0ecaa5967403d082aa24f35e1b516d23) Generated GUIDs only implemented for interfaces!
 -> (artifact id: '225195920c6094a8ef4914910c06701b') in 0.011636 seconds
Number of updated asset objects reloaded before import = 0
Number of asset objects unloaded after import = 8
========================================================================
Received Import Request.
  Time since last request: 0.000016 seconds.
  path: Assets/SimpleLowPolyNature/Models/LightingPlant2.fbx
  artifactKey: Guid(4a7d6681c1a137843b4a5b1dd9d74e6b) Importer(2089858483,0ecaa5967403d082aa24f35e1b516d23)
Start importing Assets/SimpleLowPolyNature/Models/LightingPlant2.fbx using Guid(4a7d6681c1a137843b4a5b1dd9d74e6b) Importer(2089858483,0ecaa5967403d082aa24f35e1b516d23) Generated GUIDs only implemented for interfaces!
 -> (artifact id: '52b1fffcf88cbc08ed6236c1047d889c') in 0.017801 seconds
Number of updated asset objects reloaded before import = 0
Number of asset objects unloaded after import = 7
========================================================================
Received Import Request.
  Time since last request: 0.000018 seconds.
  path: Assets/SimpleLowPolyNature/Prefabs/Flower1.prefab
  artifactKey: Guid(4d1f930728eb81f499eefd1f6d4db221) Importer(2089858483,0ecaa5967403d082aa24f35e1b516d23)
Start importing Assets/SimpleLowPolyNature/Prefabs/Flower1.prefab using Guid(4d1f930728eb81f499eefd1f6d4db221) Importer(2089858483,0ecaa5967403d082aa24f35e1b516d23) Generated GUIDs only implemented for interfaces!
 -> (artifact id: '4af12e09c77b7d9ef21df12a1eebb09d') in 0.011027 seconds
Number of updated asset objects reloaded before import = 0
Number of asset objects unloaded after import = 7
========================================================================
Received Import Request.
  Time since last request: 0.000016 seconds.
  path: Assets/SimpleLowPolyNature/Models/LowpolyTerrain.fbx
  artifactKey: Guid(f12a3f0431cfacf478a61ba99a1dd233) Importer(2089858483,0ecaa5967403d082aa24f35e1b516d23)
Start importing Assets/SimpleLowPolyNature/Models/LowpolyTerrain.fbx using Guid(f12a3f0431cfacf478a61ba99a1dd233) Importer(2089858483,0ecaa5967403d082aa24f35e1b516d23) Generated GUIDs only implemented for interfaces!
 -> (artifact id: 'cff62c6554b3413c612ac063a2694176') in 0.018152 seconds
Number of updated asset objects reloaded before import = 0
Number of asset objects unloaded after import = 7
========================================================================
Received Import Request.
  Time since last request: 0.000017 seconds.
  path: Assets/SimpleLowPolyNature/Scenes/PrefabsScene/Lightmap-1_comp_dir.png
  artifactKey: Guid(5cab939ab3666cc4091260e92b1cd3db) Importer(2089858483,0ecaa5967403d082aa24f35e1b516d23)
Start importing Assets/SimpleLowPolyNature/Scenes/PrefabsScene/Lightmap-1_comp_dir.png using Guid(5cab939ab3666cc4091260e92b1cd3db) Importer(2089858483,0ecaa5967403d082aa24f35e1b516d23) Generated GUIDs only implemented for interfaces!
 -> (artifact id: 'b3cc356a832e98058253ec95c8b700fa') in 0.049278 seconds
Number of updated asset objects reloaded before import = 0
Number of asset objects unloaded after import = 1
========================================================================
Received Import Request.
  Time since last request: 0.000048 seconds.
  path: Assets/SimpleLowPolyNature/Prefabs/FallenBranch.prefab
  artifactKey: Guid(f8ccaa39b2ab7414796d8eaab4b7bb81) Importer(2089858483,0ecaa5967403d082aa24f35e1b516d23)
Start importing Assets/SimpleLowPolyNature/Prefabs/FallenBranch.prefab using Guid(f8ccaa39b2ab7414796d8eaab4b7bb81) Importer(2089858483,0ecaa5967403d082aa24f35e1b516d23) Generated GUIDs only implemented for interfaces!
 -> (artifact id: 'fa4085fca3b1ca943c0cd178ffcb1daa') in 0.010087 seconds
Number of updated asset objects reloaded before import = 0
Number of asset objects unloaded after import = 7
========================================================================
Received Import Request.
  Time since last request: 0.000019 seconds.
  path: Assets/SimpleLowPolyNature/Prefabs/Rock4.prefab
  artifactKey: Guid(1aba0fbf10ced5447ad5eb30f4652084) Importer(2089858483,0ecaa5967403d082aa24f35e1b516d23)
Start importing Assets/SimpleLowPolyNature/Prefabs/Rock4.prefab using Guid(1aba0fbf10ced5447ad5eb30f4652084) Importer(2089858483,0ecaa5967403d082aa24f35e1b516d23) Generated GUIDs only implemented for interfaces!
 -> (artifact id: '4ee3e619d0290014aaeb81649c0d9584') in 0.012974 seconds
Number of updated asset objects reloaded before import = 0
Number of asset objects unloaded after import = 8
========================================================================
Received Import Request.
  Time since last request: 0.000017 seconds.
  path: Assets/SimpleLowPolyNature/Prefabs/TreeDead2.prefab
  artifactKey: Guid(decec03a9de484948b79da6219847d52) Importer(2089858483,0ecaa5967403d082aa24f35e1b516d23)
Start importing Assets/SimpleLowPolyNature/Prefabs/TreeDead2.prefab using Guid(decec03a9de484948b79da6219847d52) Importer(2089858483,0ecaa5967403d082aa24f35e1b516d23) Generated GUIDs only implemented for interfaces!
 -> (artifact id: 'b878e23517023a0d20306f2f78f44a62') in 0.013101 seconds
Number of updated asset objects reloaded before import = 0
Number of asset objects unloaded after import = 8
========================================================================
Received Import Request.
  Time since last request: 0.000019 seconds.
  path: Assets/SimpleLowPolyNature/Prefabs/Rock3.prefab
  artifactKey: Guid(1cc366ffed1f2924690139d67a88b254) Importer(2089858483,0ecaa5967403d082aa24f35e1b516d23)
Start importing Assets/SimpleLowPolyNature/Prefabs/Rock3.prefab using Guid(1cc366ffed1f2924690139d67a88b254) Importer(2089858483,0ecaa5967403d082aa24f35e1b516d23) Generated GUIDs only implemented for interfaces!
 -> (artifact id: 'a38db8dd4ae13f5fe10621002d453a72') in 0.012215 seconds
Number of updated asset objects reloaded before import = 0
Number of asset objects unloaded after import = 8
========================================================================
Received Import Request.
  Time since last request: 0.000017 seconds.
  path: Assets/SimpleLowPolyNature/Prefabs/Mushroom2.prefab
  artifactKey: Guid(5ad0841d147e6664f9ee38e733624608) Importer(2089858483,0ecaa5967403d082aa24f35e1b516d23)
Start importing Assets/SimpleLowPolyNature/Prefabs/Mushroom2.prefab using Guid(5ad0841d147e6664f9ee38e733624608) Importer(2089858483,0ecaa5967403d082aa24f35e1b516d23) Generated GUIDs only implemented for interfaces!
 -> (artifact id: '15e675ff36e3e984b1ed8e94738a52a5') in 0.010268 seconds
Number of updated asset objects reloaded before import = 0
Number of asset objects unloaded after import = 7
========================================================================
Received Import Request.
  Time since last request: 0.000024 seconds.
  path: Assets/SimpleLowPolyNature/Prefabs/TreeYellow1.prefab
  artifactKey: Guid(d85f77d368a7cb74d88aeccc3c5a5348) Importer(2089858483,0ecaa5967403d082aa24f35e1b516d23)
Start importing Assets/SimpleLowPolyNature/Prefabs/TreeYellow1.prefab using Guid(d85f77d368a7cb74d88aeccc3c5a5348) Importer(2089858483,0ecaa5967403d082aa24f35e1b516d23) Generated GUIDs only implemented for interfaces!
 -> (artifact id: '2a51be76ceb3a4289a5931cd358bbc88') in 0.012021 seconds
Number of updated asset objects reloaded before import = 0
Number of asset objects unloaded after import = 8
========================================================================
Received Import Request.
  Time since last request: 0.000027 seconds.
  path: Assets/SimpleLowPolyNature/Models/Rock6.fbx
  artifactKey: Guid(4cfe42c97b386f64db12ed55713310df) Importer(2089858483,0ecaa5967403d082aa24f35e1b516d23)
Start importing Assets/SimpleLowPolyNature/Models/Rock6.fbx using Guid(4cfe42c97b386f64db12ed55713310df) Importer(2089858483,0ecaa5967403d082aa24f35e1b516d23) Generated GUIDs only implemented for interfaces!
 -> (artifact id: '7a21e7f99ca7ff677cf0b6622c60b80f') in 0.017538 seconds
Number of updated asset objects reloaded before import = 0
Number of asset objects unloaded after import = 7
========================================================================
Received Import Request.
  Time since last request: 0.000018 seconds.
  path: Assets/SimpleLowPolyNature/Models/Rock10.fbx
  artifactKey: Guid(d288b039beecd234b907927b55a30107) Importer(2089858483,0ecaa5967403d082aa24f35e1b516d23)
Start importing Assets/SimpleLowPolyNature/Models/Rock10.fbx using Guid(d288b039beecd234b907927b55a30107) Importer(2089858483,0ecaa5967403d082aa24f35e1b516d23) Generated GUIDs only implemented for interfaces!
 -> (artifact id: '17c22db221f051b39c02d0e23003a5f4') in 0.017442 seconds
Number of updated asset objects reloaded before import = 0
Number of asset objects unloaded after import = 7
========================================================================
Received Import Request.
  Time since last request: 0.000017 seconds.
  path: Assets/SimpleLowPolyNature/Materials/FireParticleAddMat.mat
  artifactKey: Guid(4d013014c63f66349b847f12173289d2) Importer(2089858483,0ecaa5967403d082aa24f35e1b516d23)
Start importing Assets/SimpleLowPolyNature/Materials/FireParticleAddMat.mat using Guid(4d013014c63f66349b847f12173289d2) Importer(2089858483,0ecaa5967403d082aa24f35e1b516d23) Generated GUIDs only implemented for interfaces!
 -> (artifact id: 'bae5db1e7375ba5b4227a3f9e7356ba6') in 0.016650 seconds
Number of updated asset objects reloaded before import = 0
Number of asset objects unloaded after import = 1
========================================================================
Received Import Request.
  Time since last request: 0.000017 seconds.
  path: Assets/SimpleLowPolyNature/Scenes/PrefabsScene/Lightmap-1_comp_light.exr
  artifactKey: Guid(79007bb635c0658428463e660b93418d) Importer(2089858483,0ecaa5967403d082aa24f35e1b516d23)
Start importing Assets/SimpleLowPolyNature/Scenes/PrefabsScene/Lightmap-1_comp_light.exr using Guid(79007bb635c0658428463e660b93418d) Importer(2089858483,0ecaa5967403d082aa24f35e1b516d23) Generated GUIDs only implemented for interfaces!
 -> (artifact id: '89117bcfda28bdfaf455319fe46d214e') in 0.019764 seconds
Number of updated asset objects reloaded before import = 0
Number of asset objects unloaded after import = 1
========================================================================
Received Import Request.
  Time since last request: 0.000017 seconds.
  path: Assets/SimpleLowPolyNature/Models/Cloud2.fbx
  artifactKey: Guid(a6334d263148b284bb2aeeef15b19ead) Importer(2089858483,0ecaa5967403d082aa24f35e1b516d23)
Start importing Assets/SimpleLowPolyNature/Models/Cloud2.fbx using Guid(a6334d263148b284bb2aeeef15b19ead) Importer(2089858483,0ecaa5967403d082aa24f35e1b516d23) Generated GUIDs only implemented for interfaces!
 -> (artifact id: '06f7d832ae48edaf1c2f94aa45d289c5') in 0.017467 seconds
Number of updated asset objects reloaded before import = 0
Number of asset objects unloaded after import = 7
========================================================================
Received Import Request.
  Time since last request: 0.000020 seconds.
  path: Assets/SimpleLowPolyNature/Prefabs/WoodFence1.prefab
  artifactKey: Guid(aa99a810914c5b84b9bc5d51f95dd05c) Importer(2089858483,0ecaa5967403d082aa24f35e1b516d23)
Start importing Assets/SimpleLowPolyNature/Prefabs/WoodFence1.prefab using Guid(aa99a810914c5b84b9bc5d51f95dd05c) Importer(2089858483,0ecaa5967403d082aa24f35e1b516d23) Generated GUIDs only implemented for interfaces!
 -> (artifact id: '770729b85b9e01f75bc659a61f33194a') in 0.011978 seconds
Number of updated asset objects reloaded before import = 0
Number of asset objects unloaded after import = 8
========================================================================
Received Import Request.
  Time since last request: 0.000018 seconds.
  path: Assets/SimpleLowPolyNature/Materials/Wood2Mat.mat
  artifactKey: Guid(983007e3e230f954187baf11f58a929d) Importer(2089858483,0ecaa5967403d082aa24f35e1b516d23)
Start importing Assets/SimpleLowPolyNature/Materials/Wood2Mat.mat using Guid(983007e3e230f954187baf11f58a929d) Importer(2089858483,0ecaa5967403d082aa24f35e1b516d23) Generated GUIDs only implemented for interfaces!
 -> (artifact id: 'd941d9bb09e33667d1b73f630f679b1d') in 0.009473 seconds
Number of updated asset objects reloaded before import = 0
Number of asset objects unloaded after import = 1
========================================================================
Received Import Request.
  Time since last request: 0.000018 seconds.
  path: Assets/SimpleLowPolyNature/Prefabs/Rock11.prefab
  artifactKey: Guid(c00ecfa9e008e304ca87beda15e69f43) Importer(2089858483,0ecaa5967403d082aa24f35e1b516d23)
Start importing Assets/SimpleLowPolyNature/Prefabs/Rock11.prefab using Guid(c00ecfa9e008e304ca87beda15e69f43) Importer(2089858483,0ecaa5967403d082aa24f35e1b516d23) Generated GUIDs only implemented for interfaces!
 -> (artifact id: 'd0e14c0ff2ba6671fc2f8ab538a9620e') in 0.011306 seconds
Number of updated asset objects reloaded before import = 0
Number of asset objects unloaded after import = 8
========================================================================
Received Import Request.
  Time since last request: 0.000016 seconds.
  path: Assets/SimpleLowPolyNature/Prefabs/TreePink1.prefab
  artifactKey: Guid(ccebfc242bed46749a5dcef87dd83423) Importer(2089858483,0ecaa5967403d082aa24f35e1b516d23)
Start importing Assets/SimpleLowPolyNature/Prefabs/TreePink1.prefab using Guid(ccebfc242bed46749a5dcef87dd83423) Importer(2089858483,0ecaa5967403d082aa24f35e1b516d23) Generated GUIDs only implemented for interfaces!
 -> (artifact id: '13a2f61db1e87101d84b20aceac04867') in 0.011690 seconds
Number of updated asset objects reloaded before import = 0
Number of asset objects unloaded after import = 8
========================================================================
Received Import Request.
  Time since last request: 0.000018 seconds.
  path: Assets/SimpleLowPolyNature/Prefabs/Rock9.prefab
  artifactKey: Guid(c2cb5e8a081a26c4a94df01eb6c4e44c) Importer(2089858483,0ecaa5967403d082aa24f35e1b516d23)
Start importing Assets/SimpleLowPolyNature/Prefabs/Rock9.prefab using Guid(c2cb5e8a081a26c4a94df01eb6c4e44c) Importer(2089858483,0ecaa5967403d082aa24f35e1b516d23) Generated GUIDs only implemented for interfaces!
 -> (artifact id: '71626d8119d0501a74976baaf008dd65') in 0.011241 seconds
Number of updated asset objects reloaded before import = 0
Number of asset objects unloaded after import = 8
========================================================================
Received Import Request.
  Time since last request: 0.000018 seconds.
  path: Assets/SimpleLowPolyNature/Prefabs/LightingPlant1.prefab
  artifactKey: Guid(46ca9bca5d4d6824c9973375d741a3df) Importer(2089858483,0ecaa5967403d082aa24f35e1b516d23)
Start importing Assets/SimpleLowPolyNature/Prefabs/LightingPlant1.prefab using Guid(46ca9bca5d4d6824c9973375d741a3df) Importer(2089858483,0ecaa5967403d082aa24f35e1b516d23) Generated GUIDs only implemented for interfaces!
 -> (artifact id: '4930537f984f459cfd9c98e603a064f6') in 0.012998 seconds
Number of updated asset objects reloaded before import = 0
Number of asset objects unloaded after import = 7
========================================================================
Received Import Request.
  Time since last request: 0.000017 seconds.
  path: Assets/SimpleLowPolyNature/Models/WoodFence2.fbx
  artifactKey: Guid(a7eee764f17b55b4dbca990db05fd90b) Importer(2089858483,0ecaa5967403d082aa24f35e1b516d23)
Start importing Assets/SimpleLowPolyNature/Models/WoodFence2.fbx using Guid(a7eee764f17b55b4dbca990db05fd90b) Importer(2089858483,0ecaa5967403d082aa24f35e1b516d23) Generated GUIDs only implemented for interfaces!
 -> (artifact id: 'ad6b83b4c33f67bd58176cf817d94c61') in 0.019505 seconds
Number of updated asset objects reloaded before import = 0
Number of asset objects unloaded after import = 7
========================================================================
Received Import Request.
  Time since last request: 0.000019 seconds.
  path: Assets/SimpleLowPolyNature/Scenes/PrefabsScene/Materials/Lightmap-1_comp_dir.mat
  artifactKey: Guid(d616690cd0ffe384abef4aeabfbcab0a) Importer(2089858483,0ecaa5967403d082aa24f35e1b516d23)
Start importing Assets/SimpleLowPolyNature/Scenes/PrefabsScene/Materials/Lightmap-1_comp_dir.mat using Guid(d616690cd0ffe384abef4aeabfbcab0a) Importer(2089858483,0ecaa5967403d082aa24f35e1b516d23) Generated GUIDs only implemented for interfaces!
 -> (artifact id: '32331a7a7e72547baea6a38d09810900') in 0.010765 seconds
Number of updated asset objects reloaded before import = 0
Number of asset objects unloaded after import = 2
========================================================================
Received Import Request.
  Time since last request: 0.000018 seconds.
  path: Assets/SimpleLowPolyNature/Materials/Mushroom3Mat.mat
  artifactKey: Guid(23f92ab09af350146b1d22ca67ed7887) Importer(2089858483,0ecaa5967403d082aa24f35e1b516d23)
Start importing Assets/SimpleLowPolyNature/Materials/Mushroom3Mat.mat using Guid(23f92ab09af350146b1d22ca67ed7887) Importer(2089858483,0ecaa5967403d082aa24f35e1b516d23) Generated GUIDs only implemented for interfaces!
 -> (artifact id: '2d7df4295678156810e608c28b102f54') in 0.010878 seconds
Number of updated asset objects reloaded before import = 0
Number of asset objects unloaded after import = 1
========================================================================
Received Import Request.
  Time since last request: 0.000056 seconds.
  path: Assets/SimpleLowPolyNature/Prefabs/Flower2.prefab
  artifactKey: Guid(d7375139d18121f4daae96053a84e4c9) Importer(2089858483,0ecaa5967403d082aa24f35e1b516d23)
Start importing Assets/SimpleLowPolyNature/Prefabs/Flower2.prefab using Guid(d7375139d18121f4daae96053a84e4c9) Importer(2089858483,0ecaa5967403d082aa24f35e1b516d23) Generated GUIDs only implemented for interfaces!
 -> (artifact id: '63d600c773296518073dc294b577552e') in 0.010727 seconds
Number of updated asset objects reloaded before import = 0
Number of asset objects unloaded after import = 7
========================================================================
Received Import Request.
  Time since last request: 0.000021 seconds.
  path: Assets/SimpleLowPolyNature/Prefabs/Log.prefab
  artifactKey: Guid(23bd600a3424d9e44ac451d447977c93) Importer(2089858483,0ecaa5967403d082aa24f35e1b516d23)
Start importing Assets/SimpleLowPolyNature/Prefabs/Log.prefab using Guid(23bd600a3424d9e44ac451d447977c93) Importer(2089858483,0ecaa5967403d082aa24f35e1b516d23) Generated GUIDs only implemented for interfaces!
 -> (artifact id: '463bb25bdb19955863eaf760e9225f60') in 0.012875 seconds
Number of updated asset objects reloaded before import = 0
Number of asset objects unloaded after import = 8
========================================================================
Received Import Request.
  Time since last request: 0.000029 seconds.
  path: Assets/SimpleLowPolyNature/Models/Tree1.fbx
  artifactKey: Guid(05781e34d19387b4bb9c0e1c42f03352) Importer(2089858483,0ecaa5967403d082aa24f35e1b516d23)
Start importing Assets/SimpleLowPolyNature/Models/Tree1.fbx using Guid(05781e34d19387b4bb9c0e1c42f03352) Importer(2089858483,0ecaa5967403d082aa24f35e1b516d23) Generated GUIDs only implemented for interfaces!
 -> (artifact id: '7019a325a96889756bc951bb4341d0cc') in 0.019642 seconds
Number of updated asset objects reloaded before import = 0
Number of asset objects unloaded after import = 7
========================================================================
Received Import Request.
  Time since last request: 0.000020 seconds.
  path: Assets/SimpleLowPolyNature/Prefabs/MushroomLarge.prefab
  artifactKey: Guid(47ded181e73460047bae5118c0254d3e) Importer(2089858483,0ecaa5967403d082aa24f35e1b516d23)
Start importing Assets/SimpleLowPolyNature/Prefabs/MushroomLarge.prefab using Guid(47ded181e73460047bae5118c0254d3e) Importer(2089858483,0ecaa5967403d082aa24f35e1b516d23) Generated GUIDs only implemented for interfaces!
 -> (artifact id: '1142f8a5fc7c0ef3dae1a5be3a2b5568') in 0.013091 seconds
Number of updated asset objects reloaded before import = 0
Number of asset objects unloaded after import = 8
========================================================================
Received Import Request.
  Time since last request: 0.000019 seconds.
  path: Assets/SimpleLowPolyNature/Prefabs/Rock5.prefab
  artifactKey: Guid(daf661d478fbcbf4791f00721500cb43) Importer(2089858483,0ecaa5967403d082aa24f35e1b516d23)
Start importing Assets/SimpleLowPolyNature/Prefabs/Rock5.prefab using Guid(daf661d478fbcbf4791f00721500cb43) Importer(2089858483,0ecaa5967403d082aa24f35e1b516d23) Generated GUIDs only implemented for interfaces!
 -> (artifact id: '0ebf235bda1ddef769903d9255db5ea6') in 0.013582 seconds
Number of updated asset objects reloaded before import = 0
Number of asset objects unloaded after import = 8
========================================================================
Received Import Request.
  Time since last request: 0.000057 seconds.
  path: Assets/SimpleLowPolyNature/Models/Tree2.fbx
  artifactKey: Guid(18e0a23f11756454e801ad6f484ca310) Importer(2089858483,0ecaa5967403d082aa24f35e1b516d23)
Start importing Assets/SimpleLowPolyNature/Models/Tree2.fbx using Guid(18e0a23f11756454e801ad6f484ca310) Importer(2089858483,0ecaa5967403d082aa24f35e1b516d23) Generated GUIDs only implemented for interfaces!
 -> (artifact id: '4c12370eb5fb1ee4e0bb5af4df02518b') in 0.020244 seconds
Number of updated asset objects reloaded before import = 0
Number of asset objects unloaded after import = 7
========================================================================
Received Import Request.
  Time since last request: 0.000018 seconds.
  path: Assets/SimpleLowPolyNature/Prefabs/Flower3.prefab
  artifactKey: Guid(221bd8eee906efe489a9f1c8aad0ec09) Importer(2089858483,0ecaa5967403d082aa24f35e1b516d23)
Start importing Assets/SimpleLowPolyNature/Prefabs/Flower3.prefab using Guid(221bd8eee906efe489a9f1c8aad0ec09) Importer(2089858483,0ecaa5967403d082aa24f35e1b516d23) Generated GUIDs only implemented for interfaces!
 -> (artifact id: '6d9e2799fcdb9a80fa206f12753367f9') in 0.013765 seconds
Number of updated asset objects reloaded before import = 0
Number of asset objects unloaded after import = 7
========================================================================
Received Import Request.
  Time since last request: 0.000018 seconds.
  path: Assets/SimpleLowPolyNature/Models/Paddle.fbx
  artifactKey: Guid(b62293594e3695c48b305cd99fdd72e0) Importer(2089858483,0ecaa5967403d082aa24f35e1b516d23)
Start importing Assets/SimpleLowPolyNature/Models/Paddle.fbx using Guid(b62293594e3695c48b305cd99fdd72e0) Importer(2089858483,0ecaa5967403d082aa24f35e1b516d23) Generated GUIDs only implemented for interfaces!
 -> (artifact id: 'e27b13e1456df608c62be7f65e4df8b2') in 0.018948 seconds
Number of updated asset objects reloaded before import = 0
Number of asset objects unloaded after import = 7
========================================================================
Received Import Request.
  Time since last request: 0.000019 seconds.
  path: Assets/SimpleLowPolyNature/Materials/FireParticleMat.mat
  artifactKey: Guid(0e82a89a9331d7c4bb16ef322caffd53) Importer(2089858483,0ecaa5967403d082aa24f35e1b516d23)
Start importing Assets/SimpleLowPolyNature/Materials/FireParticleMat.mat using Guid(0e82a89a9331d7c4bb16ef322caffd53) Importer(2089858483,0ecaa5967403d082aa24f35e1b516d23) Generated GUIDs only implemented for interfaces!
 -> (artifact id: '7a1d9f0e3116d917a620067075b128e0') in 0.010590 seconds
Number of updated asset objects reloaded before import = 0
Number of asset objects unloaded after import = 1
========================================================================
Received Import Request.
  Time since last request: 0.000020 seconds.
  path: Assets/SimpleLowPolyNature/Shaders/SimpleWater.shader
  artifactKey: Guid(5da8b0368ef6e224f81430e29e23cd96) Importer(2089858483,0ecaa5967403d082aa24f35e1b516d23)
Start importing Assets/SimpleLowPolyNature/Shaders/SimpleWater.shader using Guid(5da8b0368ef6e224f81430e29e23cd96) Importer(2089858483,0ecaa5967403d082aa24f35e1b516d23) Generated GUIDs only implemented for interfaces!
 -> (artifact id: '244a5e343efbdf5330966b9277cb2442') in 0.020176 seconds
Number of updated asset objects reloaded before import = 0
Number of asset objects unloaded after import = 1
========================================================================
Received Import Request.
  Time since last request: 0.000064 seconds.
  path: Assets/SimpleLowPolyNature/Models/TreeDead2.fbx
  artifactKey: Guid(b54382c620f8b7242b02940a41e44c5d) Importer(2089858483,0ecaa5967403d082aa24f35e1b516d23)
Start importing Assets/SimpleLowPolyNature/Models/TreeDead2.fbx using Guid(b54382c620f8b7242b02940a41e44c5d) Importer(2089858483,0ecaa5967403d082aa24f35e1b516d23) Generated GUIDs only implemented for interfaces!
 -> (artifact id: '166d55b40c3bdae841767c99b14818db') in 0.019445 seconds
Number of updated asset objects reloaded before import = 0
Number of asset objects unloaded after import = 7
Editor requested this worker to shutdown with reason: Scaling down because of idle timeout
AssetImportWorker is now disconnected from the server
Process exiting
Exiting without the bug reporter. Application will terminate with return code 0